SF:lib\common\pages\not_found_page.dart
DA:7,65
DA:14,1
DA:16,1
DA:22,1
DA:23,1
DA:24,2
DA:26,2
LF:7
LH:7
end_of_record
SF:lib\common\helpers\category_helper.dart
DA:9,2
DA:10,2
DA:11,1
DA:12,1
DA:13,1
DA:17,2
DA:18,2
DA:19,1
DA:20,1
DA:21,1
LF:10
LH:10
end_of_record
SF:lib\common\helpers\form_validator_helper.dart
DA:7,2
DA:8,2
DA:12,1
DA:13,1
DA:14,1
LF:5
LH:5
end_of_record
SF:lib\common\values\asset_value.dart
DA:11,3
DA:12,3
LF:2
LH:2
end_of_record
SF:lib\common\widgets\error\error_message.dart
DA:6,2
DA:13,2
DA:15,2
DA:17,2
LF:4
LH:4
end_of_record
SF:lib\common\widgets\product_list\horizontal_product_list.dart
DA:10,6
DA:19,6
DA:21,6
DA:22,6
DA:26,6
DA:28,6
DA:29,6
DA:32,6
DA:35,12
DA:37,6
DA:40,6
DA:41,12
DA:47,5
DA:48,10
DA:49,10
DA:50,5
DA:54,5
DA:55,3
DA:59,1
DA:61,2
DA:64,1
DA:65,1
DA:66,1
DA:68,1
DA:69,1
DA:70,1
DA:74,1
DA:75,5
DA:76,5
DA:77,5
DA:78,5
LF:31
LH:31
end_of_record
SF:lib\common\widgets\product_list\vertical_product_list.dart
DA:10,3
DA:17,3
DA:19,3
DA:20,3
DA:21,6
DA:23,3
DA:24,6
DA:25,6
DA:26,3
DA:30,3
DA:31,3
DA:35,1
DA:37,2
DA:40,1
DA:41,1
DA:42,1
DA:44,1
DA:45,1
DA:46,1
DA:50,1
DA:51,3
DA:52,3
DA:53,3
DA:54,3
LF:24
LH:24
end_of_record
SF:lib\common\widgets\product_list\vertical_product_sliver_list.dart
DA:10,2
DA:17,2
DA:19,2
DA:20,2
DA:22,2
DA:23,4
DA:24,2
DA:25,4
DA:26,4
DA:27,2
DA:31,2
DA:32,3
DA:36,1
DA:38,2
DA:41,1
DA:42,1
DA:43,1
DA:45,1
DA:46,1
DA:47,1
DA:51,1
DA:52,2
DA:53,2
DA:54,2
DA:55,2
LF:25
LH:25
end_of_record
SF:lib\common\widgets\snackbar\fake_snackbar.dart
DA:5,3
DA:6,6
DA:7,3
DA:8,3
DA:10,9
DA:12,9
LF:6
LH:6
end_of_record
SF:lib\core\config\app_config.dart
DA:4,0
DA:5,0
DA:7,0
DA:11,0
DA:13,0
DA:14,0
LF:6
LH:0
end_of_record
SF:lib\core\dependencies\app_dependencies.dart
DA:19,0
DA:23,0
DA:25,0
DA:26,0
DA:27,0
DA:28,0
DA:29,0
DA:30,0
DA:31,0
DA:32,0
DA:34,0
LF:11
LH:0
end_of_record
SF:lib\core\dependencies\auth_dependencies.dart
DA:3,0
DA:4,0
DA:5,0
DA:6,0
DA:9,0
DA:10,0
DA:11,0
DA:14,0
DA:15,0
DA:16,0
DA:19,0
DA:20,0
DA:21,0
LF:13
LH:0
end_of_record
SF:lib\core\dependencies\core_dependencies.dart
DA:3,0
DA:4,0
DA:5,0
DA:7,0
DA:8,0
LF:5
LH:0
end_of_record
SF:lib\core\dependencies\home_dependencies.dart
DA:3,0
DA:4,0
DA:5,0
DA:6,0
DA:9,0
DA:10,0
DA:11,0
DA:14,0
DA:15,0
DA:16,0
DA:17,0
LF:11
LH:0
end_of_record
SF:lib\core\dependencies\catalog_dependencies.dart
DA:3,0
DA:4,0
DA:5,0
DA:6,0
DA:9,0
DA:10,0
DA:11,0
DA:14,0
DA:15,0
DA:16,0
LF:10
LH:0
end_of_record
SF:lib\core\dependencies\search_dependencies.dart
DA:3,0
DA:4,0
DA:5,0
DA:6,0
DA:9,0
DA:10,0
DA:11,0
DA:14,0
DA:15,0
DA:16,0
LF:10
LH:0
end_of_record
SF:lib\core\dependencies\cart_dependencies.dart
DA:3,0
DA:4,0
DA:5,0
DA:6,0
DA:9,0
DA:10,0
DA:11,0
DA:14,0
DA:15,0
DA:16,0
LF:10
LH:0
end_of_record
SF:lib\features\auth\data\remote\fake_auth_remote_datasource.dart
DA:4,1
DA:8,1
DA:12,3
DA:14,4
DA:16,4
LF:5
LH:5
end_of_record
SF:lib\features\auth\data\repository\fake_auth_repository_impl.dart
DA:7,1
DA:11,1
DA:14,2
DA:15,1
DA:17,3
DA:21,1
DA:27,2
DA:31,1
DA:33,3
DA:37,1
DA:40,2
DA:43,3
LF:12
LH:12
end_of_record
SF:lib\features\auth\presentation\login\page\login_page.dart
DA:13,65
DA:15,1
DA:16,1
DA:20,3
DA:22,1
DA:24,2
DA:25,3
DA:27,1
DA:30,1
DA:32,1
DA:34,1
DA:35,1
DA:36,1
DA:37,1
DA:39,1
DA:42,1
DA:60,1
DA:62,3
DA:63,1
DA:66,1
DA:67,3
DA:68,1
DA:69,1
DA:70,2
DA:72,1
DA:73,2
DA:74,3
DA:76,1
DA:77,2
DA:78,2
DA:80,1
DA:81,4
DA:82,2
DA:84,1
LF:34
LH:34
end_of_record
SF:lib\features\auth\presentation\login\page\widgets\login_form.dart
DA:4,65
DA:6,2
DA:7,2
DA:13,2
DA:15,2
DA:16,2
DA:17,2
DA:18,2
DA:19,2
DA:28,2
DA:33,2
DA:44,2
DA:49,2
DA:52,2
DA:54,2
DA:56,2
DA:66,1
DA:67,2
DA:68,1
DA:69,3
LF:20
LH:20
end_of_record
SF:lib\features\auth\presentation\login\page\widgets\login_header.dart
DA:4,65
DA:6,2
LF:2
LH:2
end_of_record
SF:lib\features\auth\presentation\login\viewmodel\login_viewmodel.dart
DA:8,2
DA:12,2
DA:14,1
DA:15,3
DA:19,1
DA:22,1
DA:23,3
DA:27,1
DA:30,1
DA:31,3
DA:32,1
DA:33,2
DA:34,2
DA:35,2
DA:37,1
DA:38,1
DA:39,1
DA:42,1
DA:44,3
DA:45,1
DA:48,1
DA:52,2
DA:54,1
DA:55,1
DA:56,3
DA:58,1
DA:61,1
DA:63,6
DA:64,1
DA:65,3
DA:67,3
DA:68,1
DA:74,1
LF:33
LH:33
end_of_record
SF:lib\features\auth\presentation\login\viewmodel\login_state.dart
DA:6,3
DA:20,2
DA:27,2
DA:28,2
DA:29,2
DA:30,2
DA:31,1
DA:32,2
LF:8
LH:8
end_of_record
SF:lib\features\auth\presentation\register\viewmodel\register_viewmodel.dart
DA:9,2
DA:13,2
DA:15,1
DA:20,1
DA:21,3
DA:26,1
DA:27,3
DA:32,1
DA:33,3
DA:38,1
DA:39,3
DA:44,1
DA:45,3
DA:50,1
DA:51,3
DA:57,1
DA:60,1
DA:61,3
DA:62,1
DA:64,2
DA:67,1
DA:68,1
DA:69,1
DA:72,1
DA:74,3
DA:75,1
DA:78,1
DA:82,2
DA:84,1
DA:85,1
DA:86,3
DA:88,1
DA:91,1
DA:92,3
DA:93,1
DA:98,1
LF:36
LH:36
end_of_record
SF:lib\features\auth\presentation\register\viewmodel\register_state.dart
DA:6,4
DA:27,2
DA:38,2
DA:39,2
DA:40,2
DA:41,2
DA:42,2
DA:43,2
DA:44,2
DA:45,2
DA:46,1
DA:47,2
LF:12
LH:12
end_of_record
SF:lib\features\auth\presentation\register\page\widgets\register_form.dart
DA:4,65
DA:6,2
DA:7,2
DA:13,2
DA:15,2
DA:16,2
DA:17,2
DA:19,2
DA:94,2
DA:96,2
DA:98,2
DA:108,1
DA:109,2
DA:110,1
DA:111,2
DA:112,1
DA:114,1
DA:115,2
DA:116,2
DA:118,2
DA:119,2
DA:120,2
DA:132,1
LF:23
LH:23
end_of_record
SF:lib\features\auth\presentation\register\page\register_page.dart
DA:14,65
DA:16,1
DA:17,1
DA:21,3
DA:22,1
DA:24,3
DA:25,1
DA:28,1
DA:30,1
DA:32,1
DA:33,1
DA:34,1
DA:35,1
DA:37,1
DA:40,1
DA:58,1
DA:60,3
DA:61,1
DA:64,1
DA:65,3
DA:66,1
DA:67,1
DA:68,2
DA:70,1
DA:71,2
DA:72,3
DA:74,1
DA:75,2
DA:76,1
DA:77,1
DA:81,1
DA:82,4
DA:83,2
DA:85,1
LF:34
LH:34
end_of_record
SF:lib\features\auth\presentation\register\page\widgets\register_title.dart
DA:4,65
DA:6,2
LF:2
LH:2
end_of_record
SF:lib\features\auth\presentation\welcome\page\welcome_page.dart
DA:7,65
DA:9,1
DA:11,1
DA:12,1
DA:13,1
DA:14,1
DA:15,1
DA:17,1
DA:22,1
DA:24,1
DA:32,1
DA:34,3
DA:38,1
DA:40,1
DA:44,3
DA:50,1
DA:52,1
DA:56,3
LF:18
LH:18
end_of_record
SF:lib\features\cart\data\remote\fake_cart_remote_datasource.dart
DA:4,1
DA:9,1
DA:10,4
DA:11,1
DA:14,1
DA:15,4
DA:16,1
DA:19,1
DA:20,3
DA:21,3
DA:23,2
DA:24,1
DA:27,1
DA:30,3
DA:31,4
DA:33,4
DA:34,1
LF:17
LH:17
end_of_record
SF:lib\features\cart\data\repository\fake_cart_repository_impl.dart
DA:7,1
DA:11,1
DA:16,2
DA:17,1
DA:19,3
DA:23,1
DA:26,2
DA:27,1
DA:29,3
DA:33,1
DA:36,2
DA:37,1
DA:39,3
DA:43,1
DA:48,2
DA:49,1
DA:51,3
LF:17
LH:17
end_of_record
SF:lib\features\cart\presentation\page\widgets\cart_product_list.dart
DA:4,65
DA:6,3
DA:8,3
DA:9,10
DA:11,3
DA:13,1
DA:15,1
DA:16,1
DA:17,1
DA:18,1
DA:19,1
DA:23,1
DA:24,1
DA:25,1
DA:26,1
DA:28,2
DA:29,1
DA:30,2
DA:32,1
DA:33,1
DA:34,1
DA:35,1
DA:37,1
DA:38,1
DA:39,1
DA:40,1
DA:44,1
DA:45,1
DA:46,1
DA:47,2
DA:48,1
DA:49,1
DA:50,1
DA:51,1
DA:55,1
DA:56,2
DA:57,1
DA:58,1
DA:59,2
DA:60,1
DA:61,1
DA:62,1
DA:63,1
LF:43
LH:43
end_of_record
SF:lib\features\cart\presentation\page\widgets\empty_cart_message.dart
DA:4,65
DA:6,4
LF:2
LH:2
end_of_record
SF:lib\features\cart\presentation\page\widgets\total_cart_footer.dart
DA:4,65
DA:6,3
DA:8,6
DA:9,6
DA:10,3
DA:11,3
DA:12,1
DA:13,1
DA:14,3
DA:15,1
DA:16,1
DA:17,3
DA:23,1
DA:25,1
DA:27,1
DA:28,1
DA:30,1
DA:32,1
DA:33,1
DA:34,3
DA:40,1
DA:42,1
DA:43,1
DA:54,3
DA:55,3
DA:57,5
LF:26
LH:26
end_of_record
SF:lib\features\cart\presentation\page\cart_page.dart
DA:14,65
DA:16,2
LF:2
LH:2
end_of_record
SF:lib\features\cart\presentation\page\widgets\cart_title_row.dart
DA:4,65
DA:6,3
DA:8,3
DA:9,3
DA:12,3
LF:5
LH:5
end_of_record
SF:lib\features\cart\presentation\viewmodel\cart_state.dart
DA:13,75
DA:23,3
DA:28,3
DA:29,2
DA:30,3
DA:31,1
LF:6
LH:6
end_of_record
SF:lib\features\cart\presentation\viewmodel\cart_viewmodel.dart
DA:8,2
DA:12,2
DA:14,1
DA:15,4
DA:16,3
DA:21,2
DA:22,4
DA:23,2
DA:24,1
DA:25,3
DA:26,1
DA:30,2
DA:31,6
DA:37,2
DA:40,1
DA:41,2
DA:43,2
DA:45,1
DA:46,1
DA:47,3
DA:48,1
DA:52,1
DA:53,3
DA:59,1
DA:62,1
DA:63,2
DA:65,2
DA:67,1
DA:68,1
DA:69,3
DA:70,1
DA:74,1
DA:75,3
DA:81,1
DA:84,1
DA:85,2
DA:87,2
DA:89,1
DA:90,1
DA:91,3
DA:92,1
DA:96,1
DA:97,3
DA:103,1
LF:44
LH:44
end_of_record
SF:lib\features\catalog\data\remote\fake_catalog_remote_datasource.dart
DA:4,1
DA:8,1
DA:9,3
LF:3
LH:3
end_of_record
SF:lib\features\catalog\data\repository\fake_catalog_repository_impl.dart
DA:7,1
DA:11,1
DA:16,2
DA:17,1
DA:19,3
LF:5
LH:5
end_of_record
SF:lib\features\catalog\presentation\categories\page\categories_page.dart
DA:7,65
DA:9,2
DA:11,2
DA:12,2
DA:13,6
DA:19,2
DA:24,2
DA:26,2
DA:27,2
DA:28,3
DA:38,2
DA:39,3
DA:49,2
DA:50,3
DA:60,2
DA:61,3
LF:16
LH:16
end_of_record
SF:lib\features\catalog\presentation\category_detail\page\widgets\category_header.dart
DA:4,2
DA:8,2
DA:10,2
DA:11,2
DA:14,2
DA:17,2
DA:18,2
DA:19,2
DA:20,2
DA:21,6
DA:22,2
DA:23,2
DA:24,2
DA:25,6
DA:31,2
DA:33,2
DA:34,4
DA:40,2
DA:41,2
DA:42,4
LF:20
LH:20
end_of_record
SF:lib\features\catalog\presentation\category_detail\page\category_detail_page.dart
DA:12,1
DA:19,1
DA:20,1
DA:24,1
DA:26,1
DA:27,2
DA:28,1
DA:29,3
DA:31,1
DA:34,1
DA:36,1
DA:37,1
DA:41,3
DA:43,1
DA:44,1
DA:45,1
DA:46,2
LF:17
LH:17
end_of_record
SF:lib\features\catalog\presentation\category_detail\page\widgets\category_products.dart
DA:4,65
DA:6,2
DA:8,4
DA:9,2
DA:10,3
DA:11,1
DA:13,3
DA:15,2
LF:8
LH:8
end_of_record
SF:lib\features\catalog\presentation\category_detail\viewmodel\category_detail_viewmodel.dart
DA:8,1
DA:12,2
DA:14,1
DA:15,3
DA:16,1
DA:17,2
DA:18,1
DA:19,1
DA:20,3
DA:21,1
DA:25,1
DA:26,3
DA:32,1
LF:13
LH:13
end_of_record
SF:lib\features\catalog\presentation\category_detail\viewmodel\category_detail_state.dart
DA:6,71
DA:16,2
DA:21,2
DA:22,2
DA:23,2
DA:24,1
LF:6
LH:6
end_of_record
SF:lib\features\catalog\presentation\product_detail\page\widgets\product_info_body.dart
DA:4,2
DA:8,2
DA:10,2
DA:15,2
DA:17,2
DA:18,2
DA:19,2
DA:20,2
DA:21,2
DA:22,4
DA:27,2
DA:28,10
DA:33,2
DA:34,6
DA:37,2
DA:38,4
DA:39,6
DA:48,2
DA:49,4
LF:19
LH:19
end_of_record
SF:lib\features\catalog\presentation\product_detail\page\product_detail_page.dart
DA:13,1
DA:17,1
DA:19,1
DA:20,1
DA:21,1
DA:22,1
DA:23,1
DA:24,2
DA:25,2
DA:30,2
LF:10
LH:10
end_of_record
SF:lib\features\catalog\presentation\product_detail\page\widgets\detail_header.dart
DA:4,2
DA:8,2
DA:10,2
DA:12,2
DA:13,2
DA:14,2
DA:18,2
DA:19,4
DA:23,2
DA:24,2
DA:25,2
DA:26,2
DA:29,2
DA:31,6
LF:14
LH:14
end_of_record
SF:lib\features\catalog\presentation\product_detail\page\widgets\add_to_cart_footer.dart
DA:4,2
DA:8,2
DA:10,2
DA:11,6
DA:12,2
DA:13,2
DA:14,6
DA:15,2
DA:16,2
DA:17,6
DA:23,2
DA:25,2
DA:27,2
DA:28,2
DA:30,2
DA:31,1
DA:33,3
DA:36,1
DA:37,1
DA:38,2
DA:40,2
DA:41,2
DA:42,2
LF:23
LH:23
end_of_record
SF:lib\features\home\data\remote\fake_home_remote_datasource.dart
DA:4,1
DA:8,1
DA:9,3
LF:3
LH:3
end_of_record
SF:lib\features\home\data\repository\fake_home_repository_impl.dart
DA:7,1
DA:11,1
DA:14,2
DA:15,1
DA:17,3
LF:5
LH:5
end_of_record
SF:lib\features\home\presentation\page\widgets\home_header.dart
DA:4,65
DA:6,3
DA:16,64
DA:18,3
DA:24,9
DA:26,9
DA:28,3
DA:29,3
DA:30,3
DA:31,3
DA:32,3
DA:35,9
DA:40,3
DA:46,3
DA:60,3
DA:63,3
LF:16
LH:16
end_of_record
SF:lib\features\home\presentation\page\widgets\address_row.dart
DA:4,65
DA:6,4
DA:8,8
DA:10,16
DA:11,2
DA:12,4
DA:14,4
DA:15,4
DA:17,12
DA:20,4
DA:21,4
DA:23,12
LF:12
LH:12
end_of_record
SF:lib\features\home\presentation\page\widgets\promotion_list.dart
DA:4,2
DA:8,2
DA:10,2
DA:12,2
LF:4
LH:4
end_of_record
SF:lib\features\home\presentation\page\widgets\recently_added_list.dart
DA:4,2
DA:8,2
DA:10,2
DA:12,2
LF:4
LH:4
end_of_record
SF:lib\features\home\presentation\page\widgets\home_search_bar.dart
DA:4,65
DA:6,4
DA:8,4
DA:12,4
DA:13,4
DA:14,4
DA:15,4
DA:16,16
DA:22,4
DA:23,3
LF:10
LH:10
end_of_record
SF:lib\features\home\presentation\page\home_page.dart
DA:19,65
DA:21,2
DA:23,4
DA:24,2
DA:25,2
DA:26,2
DA:28,2
DA:30,2
DA:34,2
DA:35,3
DA:36,1
DA:37,1
DA:38,1
DA:40,1
DA:41,1
DA:43,1
DA:44,1
DA:46,1
DA:47,1
DA:51,3
DA:53,1
LF:21
LH:21
end_of_record
SF:lib\features\home\presentation\page\widgets\most_bought_list.dart
DA:4,2
DA:8,2
DA:10,2
DA:12,2
LF:4
LH:4
end_of_record
SF:lib\features\home\presentation\page\widgets\recommended_list.dart
DA:4,2
DA:8,2
DA:10,2
DA:12,2
LF:4
LH:4
end_of_record
SF:lib\features\home\presentation\viewmodel\home_viewmodel.dart
DA:8,2
DA:12,2
DA:14,1
DA:15,3
DA:16,1
DA:18,2
DA:19,1
DA:20,1
DA:21,3
DA:22,1
DA:26,1
DA:27,1
DA:28,2
DA:30,1
DA:31,2
DA:33,1
DA:34,2
DA:36,1
DA:37,2
DA:39,3
DA:48,1
LF:21
LH:21
end_of_record
SF:lib\features\home\presentation\viewmodel\home_state.dart
DA:6,70
DA:22,2
DA:30,2
DA:31,2
DA:32,2
DA:33,2
DA:34,2
DA:35,2
DA:36,1
LF:9
LH:9
end_of_record
SF:lib\features\menu\presentation\page\widgets\menu_navigation_bar.dart
DA:4,2
DA:8,2
DA:9,2
DA:15,2
DA:17,4
DA:18,4
DA:19,2
DA:20,2
DA:21,2
DA:22,2
DA:23,2
DA:42,2
DA:44,2
DA:45,4
DA:48,2
DA:49,4
DA:58,2
DA:59,4
DA:60,2
DA:62,8
DA:65,2
DA:66,2
DA:68,3
LF:23
LH:23
end_of_record
SF:lib\features\menu\presentation\page\menu_page.dart
DA:13,65
DA:15,1
DA:16,1
DA:20,3
DA:22,1
DA:24,2
DA:25,3
DA:26,1
DA:28,1
DA:31,1
DA:33,1
DA:34,1
DA:35,3
DA:36,1
DA:37,1
DA:42,1
DA:43,1
DA:48,1
DA:50,3
DA:51,1
DA:54,1
DA:55,3
DA:56,2
DA:57,1
DA:59,1
DA:60,1
DA:61,1
DA:66,1
DA:67,3
DA:68,1
DA:69,1
DA:70,1
DA:71,1
DA:72,1
DA:79,1
DA:81,1
DA:82,2
DA:84,1
DA:87,1
DA:88,2
DA:90,1
DA:93,1
DA:94,2
DA:96,1
DA:99,1
DA:100,2
DA:102,1
LF:47
LH:47
end_of_record
SF:lib\features\search\data\remote\fake_search_remote_datasource.dart
DA:4,1
DA:8,1
DA:9,3
DA:10,1
DA:11,1
DA:12,1
DA:13,3
DA:14,3
DA:16,1
LF:9
LH:9
end_of_record
SF:lib\features\search\data\repository\fake_search_repository_impl.dart
DA:7,1
DA:11,1
DA:16,2
DA:18,1
DA:20,3
LF:5
LH:5
end_of_record
SF:lib\features\search\presentation\page\widgets\empty_result_message.dart
DA:4,65
DA:6,2
LF:2
LH:2
end_of_record
SF:lib\features\search\presentation\page\widgets\no_search_message.dart
DA:4,65
DA:6,3
LF:2
LH:2
end_of_record
SF:lib\features\search\presentation\page\search_page.dart
DA:13,65
DA:15,2
DA:16,2
DA:20,2
DA:22,2
DA:23,8
DA:25,2
DA:28,2
DA:30,2
DA:31,2
DA:32,2
DA:36,2
DA:38,4
DA:39,3
DA:40,2
DA:42,3
DA:43,2
DA:45,2
LF:18
LH:18
end_of_record
SF:lib\features\search\presentation\page\widgets\search_result_list.dart
DA:4,2
DA:8,2
DA:10,4
DA:11,2
DA:12,2
LF:5
LH:5
end_of_record
SF:lib\features\search\presentation\viewmodel\search_viewmodel.dart
DA:8,2
DA:12,2
DA:14,2
DA:15,2
DA:16,2
DA:19,2
DA:20,6
DA:21,2
DA:22,4
DA:23,2
DA:24,1
DA:25,3
DA:26,1
DA:30,2
DA:31,6
DA:37,2
LF:16
LH:16
end_of_record
SF:lib\features\search\presentation\viewmodel\search_state.dart
DA:6,71
DA:16,3
DA:21,3
DA:22,3
DA:23,3
DA:24,1
LF:6
LH:6
end_of_record
SF:lib\features\support\presentation\page\widgets\fast_solutions_list.dart
DA:4,65
DA:6,3
DA:8,3
DA:10,3
DA:17,3
DA:18,1
DA:23,3
DA:24,1
DA:29,3
DA:30,1
DA:35,3
DA:36,1
LF:12
LH:12
end_of_record
SF:lib\features\support\presentation\page\widgets\support_action_buttons.dart
DA:4,65
DA:6,3
DA:8,3
DA:9,3
DA:10,3
DA:11,3
DA:12,1
DA:18,3
DA:19,3
DA:20,1
LF:10
LH:10
end_of_record
SF:lib\features\support\presentation\page\support_page.dart
DA:10,65
DA:12,2
LF:2
LH:2
end_of_record
SF:lib\features\support\presentation\page\widgets\support_header.dart
DA:4,65
DA:6,3
DA:8,3
DA:10,3
DA:16,3
DA:18,9
DA:21,3
DA:22,3
DA:24,6
DA:25,6
LF:10
LH:10
end_of_record
SF:lib\navigation\fake_navigator.dart
DA:4,10
DA:5,5
DA:7,16
DA:8,8
DA:10,12
DA:12,24
LF:6
LH:6
end_of_record
SF:lib\navigation\route_generator.dart
DA:14,0
DA:15,0
DA:17,0
DA:18,0
DA:19,0
DA:20,0
DA:21,0
DA:26,1
DA:29,1
DA:31,2
DA:32,1
DA:33,1
DA:34,1
DA:35,1
DA:36,1
DA:37,0
DA:38,0
DA:40,0
DA:41,0
DA:45,1
DA:46,1
DA:53,0
LF:22
LH:10
end_of_record
