SF:lib\common\pages\not_found_page.dart
DA:7,22
DA:14,0
DA:16,0
DA:22,0
DA:23,0
DA:24,0
DA:26,0
LF:7
LH:1
end_of_record
SF:lib\common\helpers\category_helper.dart
DA:9,0
DA:10,0
DA:11,0
DA:12,0
DA:13,0
DA:17,0
DA:18,0
DA:19,0
DA:20,0
DA:21,0
LF:10
LH:0
end_of_record
SF:lib\common\helpers\form_validator_helper.dart
DA:7,0
DA:8,0
DA:12,0
DA:13,0
DA:17,0
DA:18,0
DA:19,0
LF:7
LH:0
end_of_record
SF:lib\common\values\asset_value.dart
DA:11,0
DA:12,0
LF:2
LH:0
end_of_record
SF:lib\common\widgets\error\error_message.dart
DA:6,0
DA:13,0
DA:15,0
DA:17,0
LF:4
LH:0
end_of_record
SF:lib\common\widgets\product_list\horizontal_product_list.dart
DA:10,0
DA:19,0
DA:21,0
DA:22,0
DA:26,0
DA:28,0
DA:29,0
DA:32,0
DA:35,0
DA:37,0
DA:40,0
DA:41,0
DA:47,0
DA:48,0
DA:49,0
DA:50,0
DA:54,0
DA:55,0
DA:59,0
DA:61,0
DA:64,0
DA:65,0
DA:66,0
DA:68,0
DA:69,0
DA:70,0
DA:74,0
DA:75,0
DA:76,0
DA:77,0
DA:78,0
LF:31
LH:0
end_of_record
SF:lib\common\widgets\product_list\vertical_product_list.dart
DA:10,0
DA:17,0
DA:19,0
DA:20,0
DA:21,0
DA:23,0
DA:24,0
DA:25,0
DA:26,0
DA:30,0
DA:31,0
DA:35,0
DA:37,0
DA:40,0
DA:41,0
DA:42,0
DA:44,0
DA:45,0
DA:46,0
DA:50,0
DA:51,0
DA:52,0
DA:53,0
DA:54,0
LF:24
LH:0
end_of_record
SF:lib\common\widgets\product_list\vertical_product_sliver_list.dart
DA:10,0
DA:17,0
DA:19,0
DA:20,0
DA:22,0
DA:23,0
DA:24,0
DA:25,0
DA:26,0
DA:27,0
DA:31,0
DA:32,0
DA:36,0
DA:38,0
DA:41,0
DA:42,0
DA:43,0
DA:45,0
DA:46,0
DA:47,0
DA:51,0
DA:52,0
DA:53,0
DA:54,0
DA:55,0
LF:25
LH:0
end_of_record
SF:lib\common\widgets\snackbar\fake_snackbar.dart
DA:5,0
DA:6,0
DA:7,0
DA:8,0
DA:10,0
DA:12,0
LF:6
LH:0
end_of_record
SF:lib\core\config\app_config.dart
DA:5,0
DA:6,0
DA:8,0
DA:10,0
DA:11,0
DA:13,0
DA:14,0
DA:18,0
DA:20,0
DA:21,0
LF:10
LH:0
end_of_record
SF:lib\core\dependencies\app_dependencies.dart
DA:19,0
DA:23,0
DA:25,0
DA:26,0
DA:27,0
DA:28,0
DA:29,0
DA:30,0
DA:31,0
DA:32,0
DA:34,0
LF:11
LH:0
end_of_record
SF:lib\core\dependencies\auth_dependencies.dart
DA:3,0
DA:4,0
DA:5,0
DA:6,0
DA:9,0
DA:10,0
DA:11,0
DA:14,0
DA:15,0
DA:16,0
DA:19,0
DA:20,0
DA:21,0
LF:13
LH:0
end_of_record
SF:lib\core\dependencies\core_dependencies.dart
DA:3,0
DA:4,0
DA:5,0
DA:7,0
DA:8,0
LF:5
LH:0
end_of_record
SF:lib\core\dependencies\home_dependencies.dart
DA:3,0
DA:4,0
DA:5,0
DA:6,0
DA:9,0
DA:10,0
DA:11,0
DA:14,0
DA:15,0
DA:16,0
DA:17,0
LF:11
LH:0
end_of_record
SF:lib\core\dependencies\catalog_dependencies.dart
DA:3,0
DA:4,0
DA:5,0
DA:6,0
DA:9,0
DA:10,0
DA:11,0
DA:14,0
DA:15,0
DA:16,0
LF:10
LH:0
end_of_record
SF:lib\core\dependencies\search_dependencies.dart
DA:3,0
DA:4,0
DA:5,0
DA:6,0
DA:9,0
DA:10,0
DA:11,0
DA:14,0
DA:15,0
DA:16,0
LF:10
LH:0
end_of_record
SF:lib\core\dependencies\cart_dependencies.dart
DA:3,0
DA:4,0
DA:5,0
DA:6,0
DA:9,0
DA:10,0
DA:11,0
DA:14,0
DA:15,0
DA:16,0
LF:10
LH:0
end_of_record
SF:lib\features\auth\data\remote\fake_auth_remote_datasource.dart
DA:4,1
DA:8,1
DA:12,3
DA:14,4
DA:16,4
LF:5
LH:5
end_of_record
SF:lib\features\auth\data\repository\fake_auth_repository_impl.dart
DA:7,1
DA:11,1
DA:14,2
DA:15,1
DA:17,3
DA:21,1
DA:27,2
DA:31,1
DA:33,3
DA:37,1
DA:40,2
DA:43,3
LF:12
LH:12
end_of_record
SF:lib\features\auth\presentation\login\page\login_page.dart
DA:13,22
DA:15,0
DA:16,0
DA:22,0
DA:24,0
DA:25,0
DA:27,0
DA:30,0
DA:32,0
DA:34,0
DA:35,0
DA:36,0
DA:37,0
DA:39,0
DA:42,0
DA:60,0
DA:62,0
DA:63,0
DA:66,0
DA:67,0
DA:68,0
DA:69,0
DA:70,0
DA:72,0
DA:73,0
DA:74,0
DA:76,0
DA:77,0
DA:78,0
DA:80,0
DA:81,0
DA:82,0
DA:84,0
LF:33
LH:1
end_of_record
SF:lib\features\auth\presentation\login\page\widgets\login_form.dart
DA:4,22
DA:6,0
DA:7,0
DA:13,0
DA:15,0
DA:16,0
DA:17,0
DA:18,0
DA:19,0
DA:28,0
DA:32,0
DA:43,0
DA:47,0
DA:50,0
DA:52,0
DA:53,0
DA:63,0
DA:64,0
DA:65,0
DA:66,0
LF:20
LH:1
end_of_record
SF:lib\features\auth\presentation\login\page\widgets\login_header.dart
DA:4,22
DA:6,0
LF:2
LH:1
end_of_record
SF:lib\features\auth\presentation\login\viewmodel\login_viewmodel.dart
DA:8,1
DA:12,2
DA:14,1
DA:15,3
DA:19,1
DA:22,1
DA:23,3
DA:27,1
DA:30,1
DA:31,3
DA:32,1
DA:33,2
DA:34,2
DA:35,2
DA:37,1
DA:38,1
DA:39,1
DA:42,1
DA:44,3
DA:45,1
DA:48,1
DA:52,2
DA:54,1
DA:55,1
DA:56,3
DA:58,1
DA:61,1
DA:63,6
DA:64,1
DA:65,3
DA:67,3
DA:68,1
DA:74,1
LF:33
LH:33
end_of_record
SF:lib\features\auth\presentation\login\viewmodel\login_state.dart
DA:6,2
DA:20,2
DA:27,2
DA:28,2
DA:29,2
DA:30,2
DA:31,1
DA:32,2
LF:8
LH:8
end_of_record
SF:lib\features\auth\presentation\register\viewmodel\register_viewmodel.dart
DA:9,1
DA:13,2
DA:15,1
DA:20,1
DA:21,3
DA:26,1
DA:27,3
DA:32,1
DA:33,3
DA:38,1
DA:39,3
DA:44,1
DA:45,3
DA:50,1
DA:51,3
DA:57,1
DA:60,1
DA:61,3
DA:62,1
DA:64,2
DA:67,1
DA:68,1
DA:69,1
DA:72,1
DA:74,3
DA:75,1
DA:78,1
DA:82,2
DA:84,1
DA:85,1
DA:86,3
DA:88,1
DA:91,1
DA:92,3
DA:93,1
DA:98,1
LF:36
LH:36
end_of_record
SF:lib\features\auth\presentation\register\viewmodel\register_state.dart
DA:6,2
DA:27,2
DA:38,2
DA:39,2
DA:40,2
DA:41,2
DA:42,2
DA:43,2
DA:44,2
DA:45,2
DA:46,1
DA:47,2
LF:12
LH:12
end_of_record
SF:lib\features\auth\presentation\register\page\register_page.dart
DA:14,22
DA:16,0
DA:17,0
DA:22,0
DA:24,0
DA:25,0
DA:28,0
DA:30,0
DA:32,0
DA:33,0
DA:34,0
DA:35,0
DA:37,0
DA:40,0
DA:58,0
DA:60,0
DA:61,0
DA:64,0
DA:65,0
DA:66,0
DA:67,0
DA:68,0
DA:70,0
DA:71,0
DA:72,0
DA:74,0
DA:75,0
DA:76,0
DA:80,0
DA:81,0
DA:82,0
DA:84,0
LF:32
LH:1
end_of_record
SF:lib\features\auth\presentation\register\page\widgets\register_form.dart
DA:4,22
DA:6,0
DA:7,0
DA:13,0
DA:15,0
DA:16,0
DA:17,0
DA:19,0
DA:88,0
DA:90,0
DA:91,0
DA:101,0
DA:102,0
DA:103,0
DA:104,0
DA:105,0
DA:107,0
DA:108,0
DA:109,0
DA:111,0
DA:112,0
DA:113,0
DA:125,0
LF:23
LH:1
end_of_record
SF:lib\features\auth\presentation\register\page\widgets\register_title.dart
DA:4,22
DA:6,0
LF:2
LH:1
end_of_record
SF:lib\features\auth\presentation\welcome\page\welcome_page.dart
DA:7,22
DA:9,0
DA:11,0
DA:12,0
DA:13,0
DA:14,0
DA:15,0
DA:17,0
DA:22,0
DA:24,0
DA:32,0
DA:34,0
DA:38,0
DA:40,0
DA:41,0
DA:49,0
DA:51,0
DA:52,0
LF:18
LH:1
end_of_record
SF:lib\features\cart\data\remote\fake_cart_remote_datasource.dart
DA:4,1
DA:9,1
DA:10,4
DA:11,1
DA:14,1
DA:15,4
DA:16,1
DA:19,1
DA:20,3
DA:21,3
DA:23,2
DA:24,1
DA:27,1
DA:30,3
DA:31,4
DA:33,4
DA:34,1
LF:17
LH:17
end_of_record
SF:lib\features\cart\data\repository\fake_cart_repository_impl.dart
DA:7,1
DA:11,1
DA:16,2
DA:17,1
DA:19,3
DA:23,1
DA:26,2
DA:27,1
DA:29,3
DA:33,1
DA:36,2
DA:37,1
DA:39,3
DA:43,1
DA:48,2
DA:49,1
DA:51,3
LF:17
LH:17
end_of_record
SF:lib\features\cart\presentation\page\widgets\cart_product_list.dart
DA:4,22
DA:6,0
DA:8,0
DA:9,0
DA:11,0
DA:13,0
DA:15,0
DA:16,0
DA:17,0
DA:18,0
DA:19,0
DA:23,0
DA:24,0
DA:25,0
DA:26,0
DA:28,0
DA:29,0
DA:30,0
DA:32,0
DA:33,0
DA:34,0
DA:35,0
DA:37,0
DA:38,0
DA:39,0
DA:40,0
DA:44,0
DA:45,0
DA:46,0
DA:47,0
DA:48,0
DA:49,0
DA:50,0
DA:51,0
DA:55,0
DA:56,0
DA:57,0
DA:58,0
DA:59,0
DA:60,0
DA:61,0
DA:62,0
DA:63,0
LF:43
LH:1
end_of_record
SF:lib\features\cart\presentation\page\widgets\empty_cart_message.dart
DA:4,22
DA:6,0
LF:2
LH:1
end_of_record
SF:lib\features\cart\presentation\page\widgets\total_cart_footer.dart
DA:4,22
DA:6,0
DA:8,0
DA:9,0
DA:10,0
DA:11,0
DA:12,0
DA:13,0
DA:14,0
DA:15,0
DA:16,0
DA:17,0
DA:23,0
DA:25,0
DA:27,0
DA:28,0
DA:30,0
DA:32,0
DA:33,0
DA:34,0
DA:40,0
DA:42,0
DA:43,0
DA:54,0
DA:55,0
DA:57,0
LF:26
LH:1
end_of_record
SF:lib\features\cart\presentation\page\cart_page.dart
DA:14,22
DA:16,0
LF:2
LH:1
end_of_record
SF:lib\features\cart\presentation\page\widgets\cart_title_row.dart
DA:4,22
DA:6,0
DA:8,0
DA:9,0
DA:12,0
LF:5
LH:1
end_of_record
SF:lib\features\cart\presentation\viewmodel\cart_state.dart
DA:13,26
DA:23,2
DA:28,2
DA:29,2
DA:30,2
DA:31,1
LF:6
LH:6
end_of_record
SF:lib\features\cart\presentation\viewmodel\cart_viewmodel.dart
DA:8,1
DA:12,2
DA:14,1
DA:15,4
DA:16,3
DA:21,1
DA:22,2
DA:23,1
DA:24,1
DA:25,3
DA:26,1
DA:30,1
DA:31,3
DA:37,1
DA:40,1
DA:41,2
DA:43,2
DA:45,1
DA:46,1
DA:47,3
DA:48,1
DA:52,1
DA:53,3
DA:59,1
DA:62,1
DA:63,2
DA:65,2
DA:67,1
DA:68,1
DA:69,3
DA:70,1
DA:74,1
DA:75,3
DA:81,1
DA:84,1
DA:85,2
DA:87,2
DA:89,1
DA:90,1
DA:91,3
DA:92,1
DA:96,1
DA:97,3
DA:103,1
LF:44
LH:44
end_of_record
SF:lib\features\catalog\data\remote\fake_catalog_remote_datasource.dart
DA:4,1
DA:8,1
DA:9,3
LF:3
LH:3
end_of_record
SF:lib\features\catalog\data\repository\fake_catalog_repository_impl.dart
DA:7,1
DA:11,1
DA:16,2
DA:17,1
DA:19,3
LF:5
LH:5
end_of_record
SF:lib\features\catalog\presentation\categories\page\categories_page.dart
DA:7,22
DA:9,0
DA:11,0
DA:12,0
DA:13,0
DA:19,0
DA:24,0
DA:26,0
DA:27,0
DA:28,0
DA:38,0
DA:39,0
DA:49,0
DA:50,0
DA:60,0
DA:61,0
LF:16
LH:1
end_of_record
SF:lib\features\catalog\presentation\category_detail\page\widgets\category_header.dart
DA:4,0
DA:8,0
DA:10,0
DA:11,0
DA:14,0
DA:17,0
DA:18,0
DA:19,0
DA:20,0
DA:21,0
DA:22,0
DA:23,0
DA:24,0
DA:25,0
DA:31,0
DA:33,0
DA:34,0
DA:40,0
DA:41,0
DA:42,0
LF:20
LH:0
end_of_record
SF:lib\features\catalog\presentation\category_detail\page\widgets\category_products.dart
DA:4,22
DA:6,0
DA:8,0
DA:9,0
DA:10,0
DA:11,0
DA:13,0
LF:7
LH:1
end_of_record
SF:lib\features\catalog\presentation\category_detail\page\category_detail_page.dart
DA:12,0
DA:19,0
DA:20,0
DA:24,0
DA:26,0
DA:27,0
DA:28,0
DA:29,0
DA:31,0
DA:34,0
DA:36,0
DA:37,0
DA:41,0
DA:43,0
DA:44,0
DA:45,0
DA:46,0
LF:17
LH:0
end_of_record
SF:lib\features\catalog\presentation\category_detail\viewmodel\category_detail_viewmodel.dart
DA:8,1
DA:12,2
DA:14,1
DA:15,3
DA:16,1
DA:17,2
DA:18,1
DA:19,1
DA:20,3
DA:21,1
DA:25,1
DA:26,3
DA:32,1
LF:13
LH:13
end_of_record
SF:lib\features\catalog\presentation\category_detail\viewmodel\category_detail_state.dart
DA:6,26
DA:16,2
DA:21,2
DA:22,2
DA:23,2
DA:24,1
LF:6
LH:6
end_of_record
SF:lib\features\catalog\presentation\product_detail\page\widgets\product_info_body.dart
DA:4,0
DA:8,0
DA:10,0
DA:15,0
DA:17,0
DA:18,0
DA:19,0
DA:20,0
DA:21,0
DA:22,0
DA:27,0
DA:28,0
DA:33,0
DA:34,0
DA:37,0
DA:38,0
DA:39,0
DA:48,0
DA:49,0
LF:19
LH:0
end_of_record
SF:lib\features\catalog\presentation\product_detail\page\product_detail_page.dart
DA:13,0
DA:17,0
DA:19,0
DA:20,0
DA:21,0
DA:22,0
DA:23,0
DA:24,0
DA:25,0
DA:30,0
LF:10
LH:0
end_of_record
SF:lib\features\catalog\presentation\product_detail\page\widgets\detail_header.dart
DA:4,0
DA:8,0
DA:10,0
DA:12,0
DA:13,0
DA:14,0
DA:18,0
DA:19,0
DA:23,0
DA:24,0
DA:25,0
DA:26,0
DA:29,0
DA:31,0
LF:14
LH:0
end_of_record
SF:lib\features\catalog\presentation\product_detail\page\widgets\add_to_cart_footer.dart
DA:4,0
DA:8,0
DA:10,0
DA:11,0
DA:12,0
DA:13,0
DA:14,0
DA:15,0
DA:16,0
DA:17,0
DA:23,0
DA:25,0
DA:27,0
DA:28,0
DA:30,0
DA:31,0
DA:33,0
DA:36,0
DA:37,0
DA:38,0
DA:40,0
DA:41,0
DA:42,0
LF:23
LH:0
end_of_record
SF:lib\features\home\data\remote\fake_home_remote_datasource.dart
DA:4,1
DA:8,1
DA:9,3
LF:3
LH:3
end_of_record
SF:lib\features\home\data\repository\fake_home_repository_impl.dart
DA:7,1
DA:11,1
DA:14,2
DA:15,1
DA:17,3
LF:5
LH:5
end_of_record
SF:lib\features\home\presentation\page\widgets\home_header.dart
DA:4,22
DA:6,0
DA:16,22
DA:18,0
DA:24,0
DA:26,0
DA:28,0
DA:29,0
DA:30,0
DA:31,0
DA:32,0
DA:35,0
DA:40,0
DA:46,0
DA:58,0
DA:61,0
DA:64,0
LF:17
LH:2
end_of_record
SF:lib\features\home\presentation\page\widgets\address_row.dart
DA:4,22
DA:6,0
DA:8,0
DA:10,0
DA:11,0
DA:12,0
DA:14,0
DA:15,0
DA:17,0
DA:20,0
DA:21,0
DA:23,0
LF:12
LH:1
end_of_record
SF:lib\features\home\presentation\page\widgets\promotion_list.dart
DA:4,0
DA:8,0
DA:10,0
DA:12,0
LF:4
LH:0
end_of_record
SF:lib\features\home\presentation\page\widgets\recently_added_list.dart
DA:4,0
DA:8,0
DA:10,0
DA:12,0
LF:4
LH:0
end_of_record
SF:lib\features\home\presentation\page\widgets\home_search_bar.dart
DA:4,22
DA:6,0
DA:8,0
DA:12,0
DA:13,0
DA:14,0
DA:15,0
DA:16,0
DA:22,0
DA:23,0
LF:10
LH:1
end_of_record
SF:lib\features\home\presentation\page\home_page.dart
DA:19,22
DA:21,0
DA:23,0
DA:24,0
DA:25,0
DA:26,0
DA:28,0
DA:30,0
DA:34,0
DA:35,0
DA:36,0
DA:37,0
DA:38,0
DA:40,0
DA:41,0
DA:43,0
DA:44,0
DA:46,0
DA:47,0
DA:51,0
DA:53,0
LF:21
LH:1
end_of_record
SF:lib\features\home\presentation\page\widgets\most_bought_list.dart
DA:4,0
DA:8,0
DA:10,0
DA:12,0
LF:4
LH:0
end_of_record
SF:lib\features\home\presentation\page\widgets\recommended_list.dart
DA:4,0
DA:8,0
DA:10,0
DA:12,0
LF:4
LH:0
end_of_record
SF:lib\features\home\presentation\viewmodel\home_viewmodel.dart
DA:8,1
DA:12,2
DA:14,1
DA:15,3
DA:16,1
DA:18,2
DA:19,1
DA:20,1
DA:21,3
DA:22,1
DA:26,1
DA:27,1
DA:28,2
DA:29,1
DA:30,2
DA:31,1
DA:32,2
DA:33,1
DA:34,2
DA:36,3
DA:45,1
LF:21
LH:21
end_of_record
SF:lib\features\home\presentation\viewmodel\home_state.dart
DA:6,26
DA:22,2
DA:30,2
DA:31,2
DA:32,2
DA:33,2
DA:34,2
DA:35,2
DA:36,1
LF:9
LH:9
end_of_record
SF:lib\features\menu\presentation\page\menu_page.dart
DA:13,22
DA:15,0
DA:16,0
DA:22,0
DA:24,0
DA:25,0
DA:26,0
DA:28,0
DA:31,0
DA:33,0
DA:34,0
DA:35,0
DA:36,0
DA:37,0
DA:42,0
DA:43,0
DA:48,0
DA:50,0
DA:51,0
DA:54,0
DA:55,0
DA:56,0
DA:57,0
DA:59,0
DA:60,0
DA:61,0
DA:66,0
DA:67,0
DA:68,0
DA:69,0
DA:70,0
DA:71,0
DA:72,0
DA:79,0
DA:81,0
DA:82,0
DA:84,0
DA:87,0
DA:88,0
DA:90,0
DA:93,0
DA:94,0
DA:96,0
DA:99,0
DA:100,0
DA:102,0
LF:46
LH:1
end_of_record
SF:lib\features\menu\presentation\page\widgets\menu_navigation_bar.dart
DA:4,0
DA:8,0
DA:9,0
DA:15,0
DA:17,0
DA:18,0
DA:19,0
DA:20,0
DA:21,0
DA:22,0
DA:23,0
DA:39,0
DA:40,0
DA:41,0
DA:44,0
DA:45,0
DA:54,0
DA:55,0
DA:56,0
DA:58,0
DA:61,0
DA:62,0
DA:64,0
LF:23
LH:0
end_of_record
SF:lib\features\search\data\remote\fake_search_remote_datasource.dart
DA:4,1
DA:8,1
DA:9,3
DA:10,1
DA:11,1
DA:12,1
DA:13,3
DA:14,3
DA:16,1
LF:9
LH:9
end_of_record
SF:lib\features\search\data\repository\fake_search_repository_impl.dart
DA:7,1
DA:11,1
DA:16,2
DA:18,1
DA:20,3
LF:5
LH:5
end_of_record
SF:lib\features\search\presentation\page\widgets\empty_result_message.dart
DA:4,22
DA:6,0
LF:2
LH:1
end_of_record
SF:lib\features\search\presentation\page\widgets\no_search_message.dart
DA:4,22
DA:6,0
LF:2
LH:1
end_of_record
SF:lib\features\search\presentation\page\widgets\search_result_list.dart
DA:4,0
DA:8,0
DA:10,0
DA:11,0
DA:12,0
LF:5
LH:0
end_of_record
SF:lib\features\search\presentation\page\search_page.dart
DA:13,22
DA:15,0
DA:16,0
DA:20,0
DA:22,0
DA:23,0
DA:25,0
DA:28,0
DA:30,0
DA:31,0
DA:32,0
DA:35,0
DA:37,0
DA:38,0
DA:39,0
DA:41,0
DA:42,0
DA:44,0
LF:18
LH:1
end_of_record
SF:lib\features\search\presentation\viewmodel\search_viewmodel.dart
DA:8,1
DA:12,2
DA:14,1
DA:15,1
DA:16,1
DA:19,1
DA:20,3
DA:21,1
DA:22,2
DA:23,1
DA:24,1
DA:25,3
DA:26,1
DA:30,1
DA:31,3
DA:37,1
LF:16
LH:16
end_of_record
SF:lib\features\search\presentation\viewmodel\search_state.dart
DA:6,26
DA:16,2
DA:21,2
DA:22,2
DA:23,2
DA:24,1
LF:6
LH:6
end_of_record
SF:lib\features\support\presentation\page\widgets\fast_solutions_list.dart
DA:4,22
DA:6,0
DA:8,0
DA:10,0
DA:17,0
DA:18,0
DA:23,0
DA:24,0
DA:29,0
DA:30,0
DA:35,0
DA:36,0
LF:12
LH:1
end_of_record
SF:lib\features\support\presentation\page\widgets\support_action_buttons.dart
DA:4,22
DA:6,0
DA:8,0
DA:9,0
DA:10,0
DA:11,0
DA:12,0
DA:18,0
DA:19,0
DA:20,0
LF:10
LH:1
end_of_record
SF:lib\features\support\presentation\page\support_page.dart
DA:10,22
DA:12,0
LF:2
LH:1
end_of_record
SF:lib\features\support\presentation\page\widgets\support_header.dart
DA:4,22
DA:6,0
DA:8,0
DA:10,0
DA:16,0
DA:18,0
DA:21,0
DA:22,0
DA:24,0
DA:25,0
LF:10
LH:1
end_of_record
SF:lib\navigation\fake_navigator.dart
DA:5,0
DA:7,0
LF:2
LH:0
end_of_record
SF:lib\navigation\route_generator.dart
DA:14,0
DA:15,0
DA:17,0
DA:18,0
DA:19,0
DA:20,0
DA:21,0
DA:26,0
DA:29,0
DA:31,0
DA:32,0
DA:33,0
DA:34,0
DA:35,0
DA:36,0
DA:37,0
DA:38,0
DA:40,0
DA:41,0
DA:45,0
DA:46,0
DA:53,0
LF:22
LH:0
end_of_record
